0 verbose cli [ '/usr/local/bin/node', '/usr/local/bin/npm', 'start' ]
1 info using npm@7.20.3
2 info using node@v16.6.2
3 timing npm:load:whichnode Completed in 0ms
4 timing config:load:defaults Completed in 1ms
5 timing config:load:file:/usr/local/lib/node_modules/npm/npmrc Completed in 1ms
6 timing config:load:builtin Completed in 1ms
7 timing config:load:cli Completed in 1ms
8 timing config:load:env Completed in 0ms
9 timing config:load:project Completed in 1ms
10 timing config:load:file:/api/.npmrc Completed in 0ms
11 timing config:load:user Completed in 0ms
12 timing config:load:file:/usr/local/etc/npmrc Completed in 0ms
13 timing config:load:global Completed in 0ms
14 timing config:load:validate Completed in 0ms
15 timing config:load:credentials Completed in 1ms
16 timing config:load:setEnvs Completed in 1ms
17 timing config:load Completed in 6ms
18 timing npm:load:configload Completed in 7ms
19 timing npm:load:setTitle Completed in 0ms
20 timing npm:load:setupLog Completed in 1ms
21 timing npm:load:cleanupLog Completed in 2ms
22 timing npm:load:configScope Completed in 0ms
23 timing npm:load:projectScope Completed in 0ms
24 timing npm:load Completed in 10ms
25 timing config:load:flatten Completed in 2ms
26 timing command:run-script Completed in 9ms
27 timing command:start Completed in 11ms
28 verbose stack Error: ENOENT: no such file or directory, open '/api/package.json'
29 verbose cwd /api
30 verbose Linux 5.11.0-25-generic
31 verbose argv "/usr/local/bin/node" "/usr/local/bin/npm" "start"
32 verbose node v16.6.2
33 verbose npm  v7.20.3
34 error code ENOENT
35 error syscall open
36 error path /api/package.json
37 error errno -2
38 error enoent ENOENT: no such file or directory, open '/api/package.json'
39 error enoent This is related to npm not being able to find a file.
40 verbose exit -2
